Arguments: 
  C:\Program Files\nodejs\node.exe C:\Program Files (x86)\Yarn\bin\yarn.js

PATH: 
  C:\Program Files\Git\mingw64\bin;C:\Program Files\Git\usr\bin;C:\Users\Josh\bin;C:\Python27;C:\Python27\Scripts;C:\ProgramData\Boxstarter;C:\Program Files (x86)\Common Files\Oracle\Java\javapath;C:\Program Files (x86)\Intel\iCLS Client;C:\Program Files (x86)\Common Files\Intel\Shared Libraries\redist\intel64\compiler;C:\Program Files\Intel\iCLS Client;C:\windows\system32;C:\windows;C:\windows\System32\Wbem;C:\windows\System32\WindowsPowerShell\v1.0;C:\Program Files (x86)\NVIDIA Corporation\PhysX\Common;C:\WINDOWS\system32;C:\WINDOWS;C:\WINDOWS\System32\Wbem;C:\WINDOWS\System32\WindowsPowerShell\v1.0;C:\Program Files (x86)\Intel\Intel(R) Management Engine Components\DAL;C:\Program Files\Intel\Intel(R) Management Engine Components\DAL;C:\Program Files (x86)\Intel\Intel(R) Management Engine Components\IPT;C:\Program Files\Intel\Intel(R) Management Engine Components\IPT;C:\WINDOWS\System32\OpenSSH;C:\Program Files (x86)\GnuPG\bin;C:\Program Files\Microsoft VS Code\bin;C:\Program Files\Intel\WiFi\bin;C:\Program Files\Common Files\Intel\WirelessCommon;C:\Program Files (x86)\Yarn\bin;C:\Program Files\nodejs;C:\ProgramData\chocolatey\bin;C:\Users\Josh\AppData\Local\Programs\Python\Python37-32\Scripts;C:\Users\Josh\AppData\Local\Programs\Python\Python37-32;C:\Ruby24-x64\bin;C:\Users\Josh\AppData\Local\Microsoft\WindowsApps;C:\Program Files\Microsoft VS Code\bin;C:\Users\Josh\AppData\Local\GitHubDesktop\bin;C:\Users\Josh\AppData\Local\atom\bin;C:\Users\Josh\AppData\Local\Microsoft\WindowsApps;C:\Program Files\Intel\WiFi\bin;C:\Program Files\Common Files\Intel\WirelessCommon;C:\Program Files (x86)\heroku\bin;C:\Users\Josh\Documents\Dev\exercism;C:\Users\Josh\AppData\Local\Yarn\bin;C:\Users\Josh\AppData\Roaming\npm

Yarn version: 
  1.12.1

Node version: 
  10.13.0

Platform: 
  win32 x64

Trace: 
  Error: EBUSY: resource busy or locked, unlink 'C:\Users\Josh\Documents\Dev\lambdaschool\team-comm-electron\my-new-project\node_modules\electron\dist\blink_image_resources_200_percent.pak'

npm manifest: 
  {
    "name": "my-new-project",
    "productName": "my-new-project",
    "version": "1.0.0",
    "description": "My Electron application description",
    "main": "src/index.js",
    "scripts": {
      "start": "electron-forge start",
      "package": "electron-forge package",
      "make": "electron-forge make",
      "publish": "electron-forge publish",
      "lint": "eslint --cache --color --ext .jsx,.js src"
    },
    "keywords": [],
    "author": "Josh",
    "license": "MIT",
    "config": {
      "forge": {
        "make_targets": {
          "win32": [
            "squirrel"
          ],
          "darwin": [
            "zip"
          ],
          "linux": [
            "deb",
            "rpm"
          ]
        },
        "electronPackagerConfig": {
          "packageManager": "yarn"
        },
        "electronWinstallerConfig": {
          "name": "my_new_project"
        },
        "electronInstallerDebian": {},
        "electronInstallerRedhat": {},
        "github_repository": {
          "owner": "",
          "name": ""
        },
        "windowsStoreConfig": {
          "packageName": "",
          "name": "mynewproject"
        }
      }
    },
    "dependencies": {
      "axios": "^0.18.0",
      "classnames": "^2.2.6",
      "css-modules-electron": "^2.0.0",
      "draft-js": "^0.10.5",
      "electron-compile": "^6.4.3",
      "electron-devtools-installer": "^2.1.0",
      "electron-squirrel-startup": "^1.0.0",
      "moment": "^2.22.2",
      "postcss": "^4.1.16",
      "postcss-modules-extract-imports": "^0.0.5",
      "postcss-modules-local-by-default": "^0.0.12",
      "postcss-modules-scope": "^0.0.8",
      "primeicons": "^1.0.0",
      "primereact": "^2.0.0-rc.1",
      "quill": "^1.3.6",
      "react": "^16.6.0",
      "react-dom": "^16.6.0",
      "react-hot-loader": "^3.0.0-beta.6",
      "react-quill": "^1.3.2",
      "react-redux": "^5.1.0",
      "react-router-dom": "^4.3.1",
      "react-scripts": "2.1.1",
      "react-stripe-checkout": "^2.6.3",
      "redux": "^4.0.1",
      "redux-logger": "^3.0.6",
      "redux-persist": "^5.10.0",
      "redux-thunk": "^2.3.0",
      "socket.io-client": "^2.1.1",
      "styled-components": "^4.0.3"
    },
    "devDependencies": {
      "babel-plugin-transform-async-to-generator": "^6.24.1",
      "babel-plugin-transform-es2015-classes": "^6.24.1",
      "babel-preset-env": "^1.7.0",
      "babel-preset-react": "^6.24.1",
      "electron-forge": "^5.2.3",
      "electron-prebuilt-compile": "3.0.10",
      "eslint": "^3",
      "eslint-config-airbnb": "^15",
      "eslint-plugin-import": "^2",
      "eslint-plugin-jsx-a11y": "^5",
      "eslint-plugin-react": "^7"
    }
  }

yarn manifest: 
  No manifest

Lockfile: 
  No lockfile
